  en_Kside.c
  en_Kside_new.c
  en_r0.c
c:\users\liyang\desktop\bishe\git-trans_qt_encode\trans_qt_encode\trans_qt_encode\encode\en_r0.c(21): warning C4101: “x1”: 未引用的局部变量
c:\users\liyang\desktop\bishe\git-trans_qt_encode\trans_qt_encode\trans_qt_encode\encode\en_r0.c(21): warning C4101: “i”: 未引用的局部变量
c:\users\liyang\desktop\bishe\git-trans_qt_encode\trans_qt_encode\trans_qt_encode\encode\en_r0.c(30): warning C4101: “nrs”: 未引用的局部变量
  en_runs_1sep.c
c:\users\liyang\desktop\bishe\git-trans_qt_encode\trans_qt_encode\trans_qt_encode\encode\en_runs_1sep.c(89): warning C4244: “函数”: 从“int”转换到“float”，可能丢失数据
c:\users\liyang\desktop\bishe\git-trans_qt_encode\trans_qt_encode\trans_qt_encode\encode\en_runs_1sep.c(152): warning C4018: “<”: 有符号/无符号不匹配
c:\users\liyang\desktop\bishe\git-trans_qt_encode\trans_qt_encode\trans_qt_encode\encode\en_runs_1sep.c(189): warning C4244: “函数”: 从“int”转换到“float”，可能丢失数据
  en_z0.c
c:\users\liyang\desktop\bishe\git-trans_qt_encode\trans_qt_encode\trans_qt_encode\encode\en_z0.c(20): warning C4018: “>”: 有符号/无符号不匹配
c:\users\liyang\desktop\bishe\git-trans_qt_encode\trans_qt_encode\trans_qt_encode\encode\en_z0.c(22): warning C4018: “<”: 有符号/无符号不匹配
c:\users\liyang\desktop\bishe\git-trans_qt_encode\trans_qt_encode\trans_qt_encode\encode\en_z0.c(44): warning C4018: “<”: 有符号/无符号不匹配
  en_z0_r0.c
c:\users\liyang\desktop\bishe\git-trans_qt_encode\trans_qt_encode\trans_qt_encode\encode\en_z0_r0.c(28): warning C4018: “<”: 有符号/无符号不匹配
c:\users\liyang\desktop\bishe\git-trans_qt_encode\trans_qt_encode\trans_qt_encode\encode\en_z0_r0.c(76): warning C4244: “函数”: 从“int”转换到“float”，可能丢失数据
  en_zone_sub2.c
c:\users\liyang\desktop\bishe\git-trans_qt_encode\trans_qt_encode\trans_qt_encode\encode\en_zone_sub2.c(20): warning C4018: “<”: 有符号/无符号不匹配
c:\users\liyang\desktop\bishe\git-trans_qt_encode\trans_qt_encode\trans_qt_encode\encode\en_zone_sub2.c(22): warning C4018: “<”: 有符号/无符号不匹配
c:\users\liyang\desktop\bishe\git-trans_qt_encode\trans_qt_encode\trans_qt_encode\encode\en_zone_sub2.c(53): warning C4018: “<”: 有符号/无符号不匹配
c:\users\liyang\desktop\bishe\git-trans_qt_encode\trans_qt_encode\trans_qt_encode\encode\en_zone_sub2.c(62): warning C4018: “<”: 有符号/无符号不匹配
c:\users\liyang\desktop\bishe\git-trans_qt_encode\trans_qt_encode\trans_qt_encode\encode\en_zone_sub2.c(70): warning C4018: “<”: 有符号/无符号不匹配
c:\users\liyang\desktop\bishe\git-trans_qt_encode\trans_qt_encode\trans_qt_encode\encode\en_zone_sub2.c(75): warning C4244: “=”: 从“double”转换到“int”，可能丢失数据
c:\users\liyang\desktop\bishe\git-trans_qt_encode\trans_qt_encode\trans_qt_encode\encode\en_zone_sub2.c(87): warning C4018: “<”: 有符号/无符号不匹配
c:\users\liyang\desktop\bishe\git-trans_qt_encode\trans_qt_encode\trans_qt_encode\encode\en_zone_sub2.c(119): warning C4133: “函数”: 从“Int32_Dat *”到“Uint32_Dat *”的类型不兼容
c:\users\liyang\desktop\bishe\git-trans_qt_encode\trans_qt_encode\trans_qt_encode\encode\en_zone_sub2.c(124): warning C4018: “<”: 有符号/无符号不匹配
c:\users\liyang\desktop\bishe\git-trans_qt_encode\trans_qt_encode\trans_qt_encode\encode\en_zone_sub2.c(136): warning C4244: “=”: 从“double”转换到“float”，可能丢失数据
c:\users\liyang\desktop\bishe\git-trans_qt_encode\trans_qt_encode\trans_qt_encode\encode\en_zone_sub2.c(128): warning C4244: “初始化”: 从“double”转换到“float”，可能丢失数据
  正在生成代码...
  trans_qt_encode.vcxproj -> C:\Users\liyang\Desktop\BiShe\git-trans_qt_encode\trans_qt_encode\x64\Debug\trans_qt_encode.exe
