e:\程序代码\量化\2021-01-15\trans_qt_encode\trans_qt_encode\debug\vc120.pdb
e:\程序代码\量化\2021-01-15\trans_qt_encode\trans_qt_encode\debug\vc120.idb
e:\程序代码\量化\2021-01-15\trans_qt_encode\trans_qt_encode\debug\separate_inv.obj
e:\程序代码\量化\2021-01-15\trans_qt_encode\trans_qt_encode\debug\sfcode.obj
e:\程序代码\量化\2021-01-15\trans_qt_encode\trans_qt_encode\debug\sum.obj
e:\程序代码\量化\2021-01-15\trans_qt_encode\trans_qt_encode\debug\sumbin.obj
e:\程序代码\量化\2021-01-15\trans_qt_encode\trans_qt_encode\debug\the_index.obj
e:\程序代码\量化\2021-01-15\trans_qt_encode\trans_qt_encode\debug\main.obj
e:\程序代码\量化\2021-01-15\trans_qt_encode\trans_qt_encode\debug\quant_inv.obj
e:\程序代码\量化\2021-01-15\trans_qt_encode\trans_qt_encode\debug\quant_rest.obj
e:\程序代码\量化\2021-01-15\trans_qt_encode\trans_qt_encode\debug\quant_sub.obj
e:\程序代码\量化\2021-01-15\trans_qt_encode\trans_qt_encode\debug\trim.obj
e:\程序代码\量化\2021-01-15\trans_qt_encode\trans_qt_encode\debug\add.obj
e:\程序代码\量化\2021-01-15\trans_qt_encode\trans_qt_encode\debug\find_block.obj
e:\程序代码\量化\2021-01-15\trans_qt_encode\trans_qt_encode\debug\hilbert_other.obj
e:\程序代码\量化\2021-01-15\trans_qt_encode\trans_qt_encode\debug\modify_hilbert2d.obj
e:\程序代码\量化\2021-01-15\trans_qt_encode\trans_qt_encode\debug\modify_hilbert3d.obj
e:\程序代码\量化\2021-01-15\trans_qt_encode\trans_qt_encode\debug\modify_hilbert3d_blockdeformation0.obj
e:\程序代码\量化\2021-01-15\trans_qt_encode\trans_qt_encode\debug\modify_hilbert_sub.obj
e:\程序代码\量化\2021-01-15\trans_qt_encode\trans_qt_encode\debug\modify_hilbert_sub3d.obj
e:\程序代码\量化\2021-01-15\trans_qt_encode\trans_qt_encode\debug\readyuv.obj
e:\程序代码\量化\2021-01-15\trans_qt_encode\trans_qt_encode\debug\scwp8-method2_all_3.obj
e:\程序代码\量化\2021-01-15\trans_qt_encode\trans_qt_encode\debug\en_z0_r0.obj
e:\程序代码\量化\2021-01-15\trans_qt_encode\trans_qt_encode\debug\en_zone_new.obj
e:\程序代码\量化\2021-01-15\trans_qt_encode\trans_qt_encode\debug\en_zone_sub2.obj
e:\程序代码\量化\2021-01-15\trans_qt_encode\trans_qt_encode\debug\en_zone_sub_new.obj
e:\程序代码\量化\2021-01-15\trans_qt_encode\trans_qt_encode\debug\find_thd.obj
e:\程序代码\量化\2021-01-15\trans_qt_encode\trans_qt_encode\debug\find_thd4subs.obj
e:\程序代码\量化\2021-01-15\trans_qt_encode\trans_qt_encode\debug\find_thd_idx.obj
e:\程序代码\量化\2021-01-15\trans_qt_encode\trans_qt_encode\debug\find_the_idx_round.obj
e:\程序代码\量化\2021-01-15\trans_qt_encode\trans_qt_encode\debug\golomb0.obj
e:\程序代码\量化\2021-01-15\trans_qt_encode\trans_qt_encode\debug\golombinv.obj
e:\程序代码\量化\2021-01-15\trans_qt_encode\trans_qt_encode\debug\hist.obj
e:\程序代码\量化\2021-01-15\trans_qt_encode\trans_qt_encode\debug\hist_return_len.obj
e:\程序代码\量化\2021-01-15\trans_qt_encode\trans_qt_encode\debug\kw_inversion_runs.obj
e:\程序代码\量化\2021-01-15\trans_qt_encode\trans_qt_encode\debug\k_criterion.obj
e:\程序代码\量化\2021-01-15\trans_qt_encode\trans_qt_encode\debug\len_bit_to_byte.obj
e:\程序代码\量化\2021-01-15\trans_qt_encode\trans_qt_encode\debug\probility_estimation.obj
e:\程序代码\量化\2021-01-15\trans_qt_encode\trans_qt_encode\debug\prob_est.obj
e:\程序代码\量化\2021-01-15\trans_qt_encode\trans_qt_encode\debug\separate.obj
e:\程序代码\量化\2021-01-15\trans_qt_encode\trans_qt_encode\debug\separate0.obj
e:\程序代码\量化\2021-01-15\trans_qt_encode\trans_qt_encode\debug\separate_bversion.obj
e:\程序代码\量化\2021-01-15\trans_qt_encode\trans_qt_encode\debug\encode_stationary_source_nsym_sub.obj
e:\程序代码\量化\2021-01-15\trans_qt_encode\trans_qt_encode\debug\encode_stationary_source_r_invr.obj
e:\程序代码\量化\2021-01-15\trans_qt_encode\trans_qt_encode\debug\encoding.obj
e:\程序代码\量化\2021-01-15\trans_qt_encode\trans_qt_encode\debug\en_2n_code_new.obj
e:\程序代码\量化\2021-01-15\trans_qt_encode\trans_qt_encode\debug\en_2n_code_sub.obj
e:\程序代码\量化\2021-01-15\trans_qt_encode\trans_qt_encode\debug\en_kside.obj
e:\程序代码\量化\2021-01-15\trans_qt_encode\trans_qt_encode\debug\en_ksidesub.obj
e:\程序代码\量化\2021-01-15\trans_qt_encode\trans_qt_encode\debug\en_ksidesub_n1s.obj
e:\程序代码\量化\2021-01-15\trans_qt_encode\trans_qt_encode\debug\en_kside_new.obj
e:\程序代码\量化\2021-01-15\trans_qt_encode\trans_qt_encode\debug\en_r0.obj
e:\程序代码\量化\2021-01-15\trans_qt_encode\trans_qt_encode\debug\en_r1.obj
e:\程序代码\量化\2021-01-15\trans_qt_encode\trans_qt_encode\debug\en_runs_0seps.obj
e:\程序代码\量化\2021-01-15\trans_qt_encode\trans_qt_encode\debug\en_runs_1sep.obj
e:\程序代码\量化\2021-01-15\trans_qt_encode\trans_qt_encode\debug\en_runs_2seps.obj
e:\程序代码\量化\2021-01-15\trans_qt_encode\trans_qt_encode\debug\en_runs_2sepsa.obj
e:\程序代码\量化\2021-01-15\trans_qt_encode\trans_qt_encode\debug\en_runs_sep_sub.obj
e:\程序代码\量化\2021-01-15\trans_qt_encode\trans_qt_encode\debug\en_r_cr.obj
e:\程序代码\量化\2021-01-15\trans_qt_encode\trans_qt_encode\debug\en_sub3d_sub2.obj
e:\程序代码\量化\2021-01-15\trans_qt_encode\trans_qt_encode\debug\en_sub3d_sub2_sub.obj
e:\程序代码\量化\2021-01-15\trans_qt_encode\trans_qt_encode\debug\en_z0.obj
e:\程序代码\量化\2021-01-15\trans_qt_encode\trans_qt_encode\debug\bin_add.obj
e:\程序代码\量化\2021-01-15\trans_qt_encode\trans_qt_encode\debug\cr_test.obj
e:\程序代码\量化\2021-01-15\trans_qt_encode\trans_qt_encode\debug\desfcode.obj
e:\程序代码\量化\2021-01-15\trans_qt_encode\trans_qt_encode\debug\encode_block3.obj
e:\程序代码\量化\2021-01-15\trans_qt_encode\trans_qt_encode\debug\encode_block5.obj
e:\程序代码\量化\2021-01-15\trans_qt_encode\trans_qt_encode\debug\encode_block_nrs.obj
e:\程序代码\量化\2021-01-15\trans_qt_encode\trans_qt_encode\debug\encode_block_nrs_lenres.obj
e:\程序代码\量化\2021-01-15\trans_qt_encode\trans_qt_encode\debug\encode_stationary_source_bin.obj
e:\程序代码\量化\2021-01-15\trans_qt_encode\trans_qt_encode\debug\encode_stationary_source_cbook.obj
e:\程序代码\量化\2021-01-15\trans_qt_encode\trans_qt_encode\debug\encode_stationary_source_nsym.obj
e:\程序代码\量化\2021-01-15\trans_qt_encode\trans_qt_encode\debug\de_ksidesub.obj
e:\程序代码\量化\2021-01-15\trans_qt_encode\trans_qt_encode\debug\de_ksidesub_n1s.obj
e:\程序代码\量化\2021-01-15\trans_qt_encode\trans_qt_encode\debug\de_kside_new.obj
e:\程序代码\量化\2021-01-15\trans_qt_encode\trans_qt_encode\debug\de_r0.obj
e:\程序代码\量化\2021-01-15\trans_qt_encode\trans_qt_encode\debug\de_r1.obj
e:\程序代码\量化\2021-01-15\trans_qt_encode\trans_qt_encode\debug\de_runs_0seps.obj
e:\程序代码\量化\2021-01-15\trans_qt_encode\trans_qt_encode\debug\de_runs_1sep.obj
e:\程序代码\量化\2021-01-15\trans_qt_encode\trans_qt_encode\debug\de_runs_2seps.obj
e:\程序代码\量化\2021-01-15\trans_qt_encode\trans_qt_encode\debug\de_runs_2sepsa.obj
e:\程序代码\量化\2021-01-15\trans_qt_encode\trans_qt_encode\debug\de_runs_sep_sub.obj
e:\程序代码\量化\2021-01-15\trans_qt_encode\trans_qt_encode\debug\de_r_cr.obj
e:\程序代码\量化\2021-01-15\trans_qt_encode\trans_qt_encode\debug\de_sub3d_sub2.obj
e:\程序代码\量化\2021-01-15\trans_qt_encode\trans_qt_encode\debug\de_sub3d_sub2_sub.obj
e:\程序代码\量化\2021-01-15\trans_qt_encode\trans_qt_encode\debug\de_z0.obj
e:\程序代码\量化\2021-01-15\trans_qt_encode\trans_qt_encode\debug\de_z0_r0.obj
e:\程序代码\量化\2021-01-15\trans_qt_encode\trans_qt_encode\debug\de_zone_new.obj
e:\程序代码\量化\2021-01-15\trans_qt_encode\trans_qt_encode\debug\de_zone_sub2.obj
e:\程序代码\量化\2021-01-15\trans_qt_encode\trans_qt_encode\debug\de_zone_sub_new.obj
e:\程序代码\量化\2021-01-15\trans_qt_encode\trans_qt_encode\debug\decode_block3.obj
e:\程序代码\量化\2021-01-15\trans_qt_encode\trans_qt_encode\debug\decode_block3_n0s.obj
e:\程序代码\量化\2021-01-15\trans_qt_encode\trans_qt_encode\debug\decode_block3_n1s.obj
e:\程序代码\量化\2021-01-15\trans_qt_encode\trans_qt_encode\debug\decode_block5.obj
e:\程序代码\量化\2021-01-15\trans_qt_encode\trans_qt_encode\debug\decode_block5_n0s.obj
e:\程序代码\量化\2021-01-15\trans_qt_encode\trans_qt_encode\debug\decode_block5_n1s.obj
e:\程序代码\量化\2021-01-15\trans_qt_encode\trans_qt_encode\debug\decode_stationary_source_leninvr.obj
e:\程序代码\量化\2021-01-15\trans_qt_encode\trans_qt_encode\debug\decode_stationary_source_lenr.obj
e:\程序代码\量化\2021-01-15\trans_qt_encode\trans_qt_encode\debug\decode_stationary_source_nsym_lenr.obj
e:\程序代码\量化\2021-01-15\trans_qt_encode\trans_qt_encode\debug\decode_stationary_source_r_invr.obj
e:\程序代码\量化\2021-01-15\trans_qt_encode\trans_qt_encode\debug\decode_stationary_source_sumr.obj
e:\程序代码\量化\2021-01-15\trans_qt_encode\trans_qt_encode\debug\de_2n_code_new.obj
e:\程序代码\量化\2021-01-15\trans_qt_encode\trans_qt_encode\debug\de_2n_code_sub.obj
e:\程序代码\量化\2021-01-15\trans_qt_encode\trans_qt_encode\debug\de_2n_code_sub1.obj
e:\程序代码\量化\2021-01-15\trans_qt_encode\trans_qt_encode\debug\de_kside.obj
e:\程序代码\量化\2021-01-15\trans_qt_encode\trans_qt_encode\debug\thd_index_inv.obj
e:\程序代码\量化\2021-01-15\trans_qt_encode\debug\trans_qt_encode.ilk
e:\程序代码\量化\2021-01-15\trans_qt_encode\debug\trans_qt_encode.exe
e:\程序代码\量化\2021-01-15\trans_qt_encode\debug\trans_qt_encode.pdb
e:\程序代码\量化\2021-01-15\trans_qt_encode\trans_qt_encode\debug\trans_qt_encode.tlog\cl.command.1.tlog
e:\程序代码\量化\2021-01-15\trans_qt_encode\trans_qt_encode\debug\trans_qt_encode.tlog\cl.read.1.tlog
e:\程序代码\量化\2021-01-15\trans_qt_encode\trans_qt_encode\debug\trans_qt_encode.tlog\cl.write.1.tlog
e:\程序代码\量化\2021-01-15\trans_qt_encode\trans_qt_encode\debug\trans_qt_encode.tlog\link.command.1.tlog
e:\程序代码\量化\2021-01-15\trans_qt_encode\trans_qt_encode\debug\trans_qt_encode.tlog\link.read.1.tlog
e:\程序代码\量化\2021-01-15\trans_qt_encode\trans_qt_encode\debug\trans_qt_encode.tlog\link.write.1.tlog
